<?xml version="1.0" encoding="UTF-8"?>
<!-- Generated by org.testng.reporters.JUnitXMLReporter -->
<testsuite hostname="SAURABH" ignored="0" tests="4" failures="0" timestamp="01 May 2017 16:41:50 GMT" time="104.311" errors="0">
  <testcase name="loginForTrackoPostive" time="30.315" classname="TrackoDemoAssignmentLogin"/>
  <testcase name="loginForTrackoWithoutUsername" time="23.862" classname="TrackoDemoAssignmentLogin"/>
  <testcase name="loginForTrackoWithoutPassword" time="22.965" classname="TrackoDemoAssignmentLogin"/>
  <testcase name="loginForTrackoWithSQLInjectionAttack" time="25.284" classname="TrackoDemoAssignmentLogin"/>
</testsuite>
