<?xml version="1.0" encoding="UTF-8"?>
<!-- Generated by org.testng.reporters.JUnitXMLReporter -->
<testsuite hostname="SAURABH" ignored="0" tests="5" failures="0" timestamp="01 May 2017 16:40:06 GMT" time="126.478" errors="0">
  <testcase name="signUpForTrackoPositive" time="24.428" classname="TrackoDemoAssignmentSignup"/>
  <testcase name="doSignUpForTrackoWithAlreadyRegisterUser" time="25.264" classname="TrackoDemoAssignmentSignup"/>
  <testcase name="doSignUpForTrackoWithoutMobileNumber" time="23.233" classname="TrackoDemoAssignmentSignup"/>
  <testcase name="doSignUpForTrackoWithoutEmailId" time="23.21" classname="TrackoDemoAssignmentSignup"/>
  <testcase name="doSignUpForTrackoWithoutName" time="27.075" classname="TrackoDemoAssignmentSignup"/>
</testsuite>
